Using pre-set license
Built from '2021.3/staging' branch; Version is '2021.3.16f1 (4016570cf34f) revision 4200023'; Using compiler version '192829333'; Build Type 'Release'
OS: 'Windows 10  (10.0.19044) 64bit Core' Language: 'en' Physical Memory: 32714 MB
BatchMode: 1, IsHumanControllingUs: 0, StartBugReporterOnCrash: 0, Is64bit: 1, IsPro: 1

COMMAND LINE ARGUMENTS:
E:\2021.3.16f1\Editor\Unity.exe
-adb2
-batchMode
-noUpm
-name
AssetImportWorker2
-projectPath
E:/Unity Projects/MachineOverride/MachineOverride
-logFile
Logs/AssetImportWorker2.log
-srvPort
60012
Successfully changed project path to: E:/Unity Projects/MachineOverride/MachineOverride
E:/Unity Projects/MachineOverride/MachineOverride
[UnityMemory] Configuration Parameters - Can be set up in boot.config
    "memorysetup-bucket-allocator-granularity=16"
    "memorysetup-bucket-allocator-bucket-count=8"
    "memorysetup-bucket-allocator-block-size=33554432"
    "memorysetup-bucket-allocator-block-count=8"
    "memorysetup-main-allocator-block-size=16777216"
    "memorysetup-thread-allocator-block-size=16777216"
    "memorysetup-gfx-main-allocator-block-size=16777216"
    "memorysetup-gfx-thread-allocator-block-size=16777216"
    "memorysetup-cache-allocator-block-size=4194304"
    "memorysetup-typetree-allocator-block-size=2097152"
    "memorysetup-profiler-bucket-allocator-granularity=16"
    "memorysetup-profiler-bucket-allocator-bucket-count=8"
    "memorysetup-profiler-bucket-allocator-block-size=33554432"
    "memorysetup-profiler-bucket-allocator-block-count=8"
    "memorysetup-profiler-allocator-block-size=16777216"
    "memorysetup-profiler-editor-allocator-block-size=1048576"
    "memorysetup-temp-allocator-size-main=16777216"
    "memorysetup-job-temp-allocator-block-size=2097152"
    "memorysetup-job-temp-allocator-block-size-background=1048576"
    "memorysetup-job-temp-allocator-reduction-small-platforms=262144"
    "memorysetup-temp-allocator-size-background-worker=32768"
    "memorysetup-temp-allocator-size-job-worker=262144"
    "memorysetup-temp-allocator-size-preload-manager=33554432"
    "memorysetup-temp-allocator-size-nav-mesh-worker=65536"
    "memorysetup-temp-allocator-size-audio-worker=65536"
    "memorysetup-temp-allocator-size-cloud-worker=32768"
    "memorysetup-temp-allocator-size-gi-baking-worker=262144"
    "memorysetup-temp-allocator-size-gfx=262144"
Player connection [20464] Host "[IP] 192.168.0.218 [Port] 0 [Flags] 2 [Guid] 1876333393 [EditorId] 1876333393 [Version] 1048832 [Id] WindowsEditor(7,DESKTOP-IJQNQS4) [Debug] 1 [PackageName] WindowsEditor [ProjectName] Editor" joined multi-casting on [225.0.0.222:54997]...

Player connection [20464] Host "[IP] 192.168.0.218 [Port] 0 [Flags] 2 [Guid] 1876333393 [EditorId] 1876333393 [Version] 1048832 [Id] WindowsEditor(7,DESKTOP-IJQNQS4) [Debug] 1 [PackageName] WindowsEditor [ProjectName] Editor" joined alternative multi-casting on [225.0.0.222:34997]...

Refreshing native plugins compatible for Editor in 85.53 ms, found 3 plugins.
Preloading 0 native plugins for Editor in 0.00 ms.
Initialize engine version: 2021.3.16f1 (4016570cf34f)
[Subsystems] Discovering subsystems at path E:/2021.3.16f1/Editor/Data/Resources/UnitySubsystems
[Subsystems] Discovering subsystems at path E:/Unity Projects/MachineOverride/MachineOverride/Assets
GfxDevice: creating device client; threaded=0; jobified=0
Direct3D:
    Version:  Direct3D 11.0 [level 11.1]
    Renderer: NVIDIA GeForce RTX 3070 (ID=0x2484)
    Vendor:   NVIDIA
    VRAM:     8031 MB
    Driver:   31.0.15.2737
Initialize mono
Mono path[0] = 'E:/2021.3.16f1/Editor/Data/Managed'
Mono path[1] = 'E:/2021.3.16f1/Editor/Data/MonoBleedingEdge/lib/mono/unityjit-win32'
Mono config path = 'E:/2021.3.16f1/Editor/Data/MonoBleedingEdge/etc'
Using monoOptions --debugger-agent=transport=dt_socket,embedding=1,server=y,suspend=n,address=127.0.0.1:56444
Begin MonoManager ReloadAssembly
Registering precompiled unity dll's ...
Register platform support module: E:/2021.3.16f1/Editor/Data/PlaybackEngines/WindowsStandaloneSupport/UnityEditor.WindowsStandalone.Extensions.dll
Registered in 0.001908 seconds.
Native extension for WindowsStandalone target not found
Refreshing native plugins compatible for Editor in 84.24 ms, found 3 plugins.
Preloading 0 native plugins for Editor in 0.00 ms.
Mono: successfully reloaded assembly
- Completed reload, in  0.529 seconds
Domain Reload Profiling:
	ReloadAssembly (529ms)
		BeginReloadAssembly (67ms)
			ExecutionOrderSort (0ms)
			DisableScriptedObjects (0ms)
			BackupInstance (0ms)
			ReleaseScriptingObjects (0ms)
			CreateAndSetChildDomain (1ms)
		EndReloadAssembly (381ms)
			LoadAssemblies (67ms)
			RebuildTransferFunctionScriptingTraits (0ms)
			SetupTypeCache (77ms)
			ReleaseScriptCaches (0ms)
			RebuildScriptCaches (20ms)
			SetupLoadedEditorAssemblies (245ms)
				LogAssemblyErrors (0ms)
				InitializePlatformSupportModulesInManaged (5ms)
				SetLoadedEditorAssemblies (0ms)
				RefreshPlugins (84ms)
				BeforeProcessingInitializeOnLoad (1ms)
				ProcessInitializeOnLoadAttributes (116ms)
				ProcessInitializeOnLoadMethodAttributes (38ms)
				AfterProcessingInitializeOnLoad (0ms)
				EditorAssembliesLoaded (0ms)
			ExecutionOrderSort2 (0ms)
			AwakeInstancesAfterBackupRestoration (0ms)
Platform modules already initialized, skipping
Registering precompiled user dll's ...
Registered in 0.006156 seconds.
Begin MonoManager ReloadAssembly
Symbol file LoadedFromMemory doesn't match image E:\Unity Projects\MachineOverride\MachineOverride\Library\PackageCache\com.unity.visualscripting@1.7.8\Editor\VisualScripting.Core\Dependencies\YamlDotNet\Unity.VisualScripting.YamlDotNet.dll
Symbol file LoadedFromMemory doesn't match image E:\Unity Projects\MachineOverride\MachineOverride\Library\PackageCache\com.unity.visualscripting@1.7.8\Editor\VisualScripting.Core\Dependencies\DotNetZip\Unity.VisualScripting.IonicZip.dll
Native extension for WindowsStandalone target not found
Refreshing native plugins compatible for Editor in 87.23 ms, found 3 plugins.
Preloading 0 native plugins for Editor in 0.00 ms.
Mono: successfully reloaded assembly
- Completed reload, in  0.997 seconds
Domain Reload Profiling:
	ReloadAssembly (998ms)
		BeginReloadAssembly (103ms)
			ExecutionOrderSort (0ms)
			DisableScriptedObjects (5ms)
			BackupInstance (0ms)
			ReleaseScriptingObjects (0ms)
			CreateAndSetChildDomain (15ms)
		EndReloadAssembly (805ms)
			LoadAssemblies (90ms)
			RebuildTransferFunctionScriptingTraits (0ms)
			SetupTypeCache (202ms)
			ReleaseScriptCaches (1ms)
			RebuildScriptCaches (43ms)
			SetupLoadedEditorAssemblies (454ms)
				LogAssemblyErrors (0ms)
				InitializePlatformSupportModulesInManaged (3ms)
				SetLoadedEditorAssemblies (0ms)
				RefreshPlugins (87ms)
				BeforeProcessingInitializeOnLoad (86ms)
				ProcessInitializeOnLoadAttributes (207ms)
				ProcessInitializeOnLoadMethodAttributes (68ms)
				AfterProcessingInitializeOnLoad (2ms)
				EditorAssembliesLoaded (0ms)
			ExecutionOrderSort2 (0ms)
			AwakeInstancesAfterBackupRestoration (6ms)
Platform modules already initialized, skipping
========================================================================
Worker process is ready to serve import requests
Launched and connected shader compiler UnityShaderCompiler.exe after 0.04 seconds
Refreshing native plugins compatible for Editor in 0.88 ms, found 3 plugins.
Preloading 0 native plugins for Editor in 0.00 ms.
Unloading 5018 Unused Serialized files (Serialized files now loaded: 0)
Unloading 34 unused Assets / (0.7 MB). Loaded Objects now: 5469.
Memory consumption went from 197.4 MB to 196.7 MB.
Total: 3.507700 ms (FindLiveObjects: 0.312200 ms CreateObjectMapping: 0.212200 ms MarkObjects: 2.721700 ms  DeleteObjects: 0.260700 ms)

AssetImportParameters requested are different than current active one (requested -> active):
  custom:video-decoder-ogg-theora: a1e56fd34408186e4bbccfd4996cb3dc -> 
  custom:container-muxer-webm: aa71ff27fc2769a1b78a27578f13a17b -> 
  custom:container-demuxer-webm: 4f35f7cbe854078d1ac9338744f61a02 -> 
  custom:video-encoder-webm-vp8: eb34c28f22e8b96e1ab97ce403110664 -> 
  custom:audio-encoder-webm-vorbis: bf7c407c2cedff20999df2af8eb42d56 -> 
  custom:framework-win-MediaFoundation: 216162199b28c13a410421893ffa2e32 -> 
  custom:container-demuxer-ogg: 62fdf1f143b41e24485cea50d1cbac27 -> 
  custom:video-decoder-webm-vp8: 9c59270c3fd7afecdb556c50c9e8de78 -> 
  custom:audio-decoder-ogg-vorbis: bf7c407c2cedff20999df2af8eb42d56 -> 
========================================================================
Received Import Request.
  Time since last request: 6000.285648 seconds.
  path: Assets/Scenes/Programing.unity
  artifactKey: Guid(4e2f9315c344bd74fa02b9c7e0d7c9b8) Importer(815301076,1909f56bfc062723c751e8b465ee728b)
Start importing Assets/Scenes/Programing.unity using Guid(4e2f9315c344bd74fa02b9c7e0d7c9b8) Importer(815301076,1909f56bfc062723c751e8b465ee728b)  -> (artifact id: '4adc67f30c6388cbdafc0c4c443c6143') in 0.012980 seconds 
========================================================================
Received Import Request.
  Time since last request: 15.241161 seconds.
  path: Assets/Scenes/Programing Scene.unity
  artifactKey: Guid(4e2f9315c344bd74fa02b9c7e0d7c9b8) Importer(815301076,1909f56bfc062723c751e8b465ee728b)
Start importing Assets/Scenes/Programing Scene.unity using Guid(4e2f9315c344bd74fa02b9c7e0d7c9b8) Importer(815301076,1909f56bfc062723c751e8b465ee728b)  -> (artifact id: '21669ee22eebb59ca3a4a39bf4192415') in 0.004922 seconds 
========================================================================
Received Import Request.
  Time since last request: 9.686106 seconds.
  path: Assets/Scenes/Level Design Scene.unity
  artifactKey: Guid(93e6ba8999ba06a47b7606f29381eb77) Importer(815301076,1909f56bfc062723c751e8b465ee728b)
Start importing Assets/Scenes/Level Design Scene.unity using Guid(93e6ba8999ba06a47b7606f29381eb77) Importer(815301076,1909f56bfc062723c751e8b465ee728b)  -> (artifact id: '300a26c994cc4a065acd9fb59d60a8ee') in 0.005068 seconds 
========================================================================
Received Import Request.
  Time since last request: 42.163066 seconds.
  path: Assets/Scenes/VFX and animation Scene.unity
  artifactKey: Guid(5b6173ff52e6f9848b595315e3988ace) Importer(815301076,1909f56bfc062723c751e8b465ee728b)
Start importing Assets/Scenes/VFX and animation Scene.unity using Guid(5b6173ff52e6f9848b595315e3988ace) Importer(815301076,1909f56bfc062723c751e8b465ee728b)  -> (artifact id: 'eef179ffe58b13b23596b0909107259c') in 0.005123 seconds 
========================================================================
Received Import Request.
  Time since last request: 3.815587 seconds.
  path: Assets
  artifactKey: Guid(00000000000000001000000000000000) Importer(815301076,1909f56bfc062723c751e8b465ee728b)
Start importing Assets using Guid(00000000000000001000000000000000) Importer(815301076,1909f56bfc062723c751e8b465ee728b)  -> (artifact id: '79842766b460edbeab6a34051e857a80') in 0.004985 seconds 
========================================================================
Received Import Request.
  Time since last request: 22.716233 seconds.
  path: Assets/Materials
  artifactKey: Guid(d146045b4c94d3548a49e06ba8646807) Importer(815301076,1909f56bfc062723c751e8b465ee728b)
Start importing Assets/Materials using Guid(d146045b4c94d3548a49e06ba8646807) Importer(815301076,1909f56bfc062723c751e8b465ee728b)  -> (artifact id: '254067a181a23848baa104d276d16f72') in 0.005142 seconds 
========================================================================
Received Import Request.
  Time since last request: 11.583058 seconds.
  path: Assets/Textures
  artifactKey: Guid(7c0b8f2383a796f48b8207d57bb898bc) Importer(815301076,1909f56bfc062723c751e8b465ee728b)
Start importing Assets/Textures using Guid(7c0b8f2383a796f48b8207d57bb898bc) Importer(815301076,1909f56bfc062723c751e8b465ee728b)  -> (artifact id: 'e16e3c6c8deceff9757cbc9ad3a6fc98') in 0.005131 seconds 
========================================================================
Received Import Request.
  Time since last request: 11.817909 seconds.
  path: Assets/Scripts
  artifactKey: Guid(e08647c8a58e5a449b9509ca763f6c1b) Importer(815301076,1909f56bfc062723c751e8b465ee728b)
Start importing Assets/Scripts using Guid(e08647c8a58e5a449b9509ca763f6c1b) Importer(815301076,1909f56bfc062723c751e8b465ee728b)  -> (artifact id: 'e409db6ffbd690dba2e9bb8681911da8') in 0.004826 seconds 
========================================================================
Received Import Request.
  Time since last request: 16.024429 seconds.
  path: Assets/Prefabs
  artifactKey: Guid(10093ed148c013046b87719bbe4de66a) Importer(815301076,1909f56bfc062723c751e8b465ee728b)
Start importing Assets/Prefabs using Guid(10093ed148c013046b87719bbe4de66a) Importer(815301076,1909f56bfc062723c751e8b465ee728b)  -> (artifact id: '6845ca91af9b35cfcd024b720120d05b') in 0.005408 seconds 
========================================================================
Received Import Request.
  Time since last request: 12.251370 seconds.
  path: Assets/Shaders
  artifactKey: Guid(794db368992cb204c8b0df36dd846123) Importer(815301076,1909f56bfc062723c751e8b465ee728b)
Start importing Assets/Shaders using Guid(794db368992cb204c8b0df36dd846123) Importer(815301076,1909f56bfc062723c751e8b465ee728b)  -> (artifact id: '5be1199c1ff5442e1456ea4bde1ecbd8') in 0.005513 seconds 
========================================================================
Received Import Request.
  Time since last request: 21.550635 seconds.
  path: Assets/Particle Effects
  artifactKey: Guid(dc39fa6552aec5448be07b4cd8e5674f) Importer(815301076,1909f56bfc062723c751e8b465ee728b)
Start importing Assets/Particle Effects using Guid(dc39fa6552aec5448be07b4cd8e5674f) Importer(815301076,1909f56bfc062723c751e8b465ee728b)  -> (artifact id: '0f6ce2f9b35137ba8eb908a6082fa8bd') in 0.004949 seconds 
========================================================================
Received Import Request.
  Time since last request: 12.574664 seconds.
  path: Assets/All VFX
  artifactKey: Guid(dc39fa6552aec5448be07b4cd8e5674f) Importer(815301076,1909f56bfc062723c751e8b465ee728b)
Start importing Assets/All VFX using Guid(dc39fa6552aec5448be07b4cd8e5674f) Importer(815301076,1909f56bfc062723c751e8b465ee728b)  -> (artifact id: 'dd3d5acfe9d8bd585d9dacea0d22a936') in 0.004793 seconds 
========================================================================
Received Import Request.
  Time since last request: 31.482514 seconds.
  path: Assets/All VFX/Particle Componets
  artifactKey: Guid(077c22067136fd14898d951acec68bdb) Importer(815301076,1909f56bfc062723c751e8b465ee728b)
Start importing Assets/All VFX/Particle Componets using Guid(077c22067136fd14898d951acec68bdb) Importer(815301076,1909f56bfc062723c751e8b465ee728b)  -> (artifact id: '90dbb5b962d53d5b73b718d76bc63fb7') in 0.004923 seconds 
========================================================================
Received Import Request.
  Time since last request: 11.915250 seconds.
  path: Assets/All VFX/Particle Prefabs
  artifactKey: Guid(2bdee3e1b90eee94fa312973161fe808) Importer(815301076,1909f56bfc062723c751e8b465ee728b)
Start importing Assets/All VFX/Particle Prefabs using Guid(2bdee3e1b90eee94fa312973161fe808) Importer(815301076,1909f56bfc062723c751e8b465ee728b)  -> (artifact id: 'dade75b1b0480c17c0ef6c1955c367ab') in 0.005346 seconds 
========================================================================
Received Import Request.
  Time since last request: 25.655134 seconds.
  path: Assets/Textures/SPrites
  artifactKey: Guid(fc80cd0c3f95f69499871ad8e842cc39) Importer(815301076,1909f56bfc062723c751e8b465ee728b)
Start importing Assets/Textures/SPrites using Guid(fc80cd0c3f95f69499871ad8e842cc39) Importer(815301076,1909f56bfc062723c751e8b465ee728b)  -> (artifact id: 'd007287ede3c0e31cc61a0a336834d37') in 0.005418 seconds 
========================================================================
Received Import Request.
  Time since last request: 5.701349 seconds.
  path: Assets/Textures/Sprites
  artifactKey: Guid(fc80cd0c3f95f69499871ad8e842cc39) Importer(815301076,1909f56bfc062723c751e8b465ee728b)
Start importing Assets/Textures/Sprites using Guid(fc80cd0c3f95f69499871ad8e842cc39) Importer(815301076,1909f56bfc062723c751e8b465ee728b)  -> (artifact id: 'a65f330f21999062ba534d7480912a3c') in 0.004917 seconds 
========================================================================
Received Import Request.
  Time since last request: 17.091767 seconds.
  path: Assets/Animations
  artifactKey: Guid(2b703bb226a59d24db3e2bac71a71357) Importer(815301076,1909f56bfc062723c751e8b465ee728b)
Start importing Assets/Animations using Guid(2b703bb226a59d24db3e2bac71a71357) Importer(815301076,1909f56bfc062723c751e8b465ee728b)  -> (artifact id: 'e8b2337d692a4462e509a66e40e62c1e') in 0.005397 seconds 
========================================================================
Received Import Request.
  Time since last request: 26.257972 seconds.
  path: Assets/Animations/Sprite componets
  artifactKey: Guid(fc80cd0c3f95f69499871ad8e842cc39) Importer(815301076,1909f56bfc062723c751e8b465ee728b)
Start importing Assets/Animations/Sprite componets using Guid(fc80cd0c3f95f69499871ad8e842cc39) Importer(815301076,1909f56bfc062723c751e8b465ee728b)  -> (artifact id: '94c31f6c00bffd504444e40f7fcbcaf1') in 0.005111 seconds 
========================================================================
Received Import Request.
  Time since last request: 6.780689 seconds.
  path: Assets/Animations/Sprite Componets
  artifactKey: Guid(fc80cd0c3f95f69499871ad8e842cc39) Importer(815301076,1909f56bfc062723c751e8b465ee728b)
Start importing Assets/Animations/Sprite Componets using Guid(fc80cd0c3f95f69499871ad8e842cc39) Importer(815301076,1909f56bfc062723c751e8b465ee728b)  -> (artifact id: '69d0d126ed280ebc1883c4fb5dc7789b') in 0.004964 seconds 
========================================================================
Received Import Request.
  Time since last request: 14.496026 seconds.
  path: Assets/Animations/Animated Sprites
  artifactKey: Guid(689375c6b7bcbee4eb2075dd934fd8b9) Importer(815301076,1909f56bfc062723c751e8b465ee728b)
Start importing Assets/Animations/Animated Sprites using Guid(689375c6b7bcbee4eb2075dd934fd8b9) Importer(815301076,1909f56bfc062723c751e8b465ee728b)  -> (artifact id: '4ec16764efd082093ccdf58b3a85e58e') in 0.005512 seconds 
========================================================================
Received Import Request.
  Time since last request: 25.566271 seconds.
  path: Assets/Models
  artifactKey: Guid(716eba173f61c2e4b9b2e20a84172eeb) Importer(815301076,1909f56bfc062723c751e8b465ee728b)
Start importing Assets/Models using Guid(716eba173f61c2e4b9b2e20a84172eeb) Importer(815301076,1909f56bfc062723c751e8b465ee728b)  -> (artifact id: 'b90ec94fca5201c9075991724dcf7d26') in 0.005175 seconds 
